<?xml version="1.0" encoding="UTF-8"?>
<!-- Generated by org.testng.reporters.JUnitReportReporter -->
<testsuite hostname="10X-Prasad" name="com.practice.Javap" tests="1" failures="0" timestamp="28 Oct 2015 09:11:53 GMT" time="0.000" errors="0">
  <testcase name="d" time="0.000" classname="com.practice.Javap"/>
</testsuite> <!-- com.practice.Javap -->
